<?xml version="1.0" encoding="UTF-8"?>
<!-- Generated by org.testng.reporters.JUnitReportReporter -->
<testsuite hostname="LAPTOP-63CFB551" failures="0" tests="1" name="com.TestCases.ValidateResponseData" time="2.672" errors="0" timestamp="2025-02-02T15:33:02 IST" skipped="0">
  <testcase classname="com.TestCases.ValidateResponseData" name="validateResponse" time="2.672"/>
</testsuite> <!-- com.TestCases.ValidateResponseData -->
