<?xml version="1.0" encoding="UTF-8"?>
<!-- Generated by org.testng.reporters.JUnitReportReporter -->
<testsuite hostname="LAPTOP-63CFB551" failures="0" tests="1" name="com.TestCases.ValidateResponseData" time="3.003" errors="0" timestamp="2025-02-02T16:50:04 IST" skipped="0">
  <testcase classname="com.TestCases.ValidateResponseData" name="validateResponse" time="3.003"/>
</testsuite> <!-- com.TestCases.ValidateResponseData -->
